<?xml version="1.0" encoding="UTF-8"?>
<testsuite xmlns:xsi="http://www.w3.org/2001/XMLSchema-instance" xsi:noNamespaceSchemaLocation="https://maven.apache.org/surefire/maven-surefire-plugin/xsd/surefire-test-report-3.0.xsd" version="3.0" name="com.ortb.controller.BidControllerIntegrationTest" time="2.147" tests="11" errors="0" skipped="0" failures="0">
  <properties>
[...]
</properties>
  <testcase name="listAdsReturnsInventory" classname="com.ortb.controller.BidControllerIntegrationTest" time="0.111">
    <system-out><![CDATA[14:14:43.196 [main] INFO org.springframework.test.context.support.AnnotationConfigContextLoaderUtils -- Could not detect default configuration classes for test class [com.ortb.controller.BidControllerIntegrationTest]: BidControllerIntegrationTest does not declare any static, non-private, non-final, nested classes annotated with @Configuration.
14:14:43.279 [main] INFO org.springframework.boot.test.context.SpringBootTestContextBootstrapper -- Found @SpringBootConfiguration com.ortb.OrtbApplication for test class com.ortb.controller.BidControllerIntegrationTest

  .   ____          _            __ _ _
 /\\ / ___'_ __ _ _(_)_ __  __ _ \ \ \ \
( ( )\___ | '_ | '_| | '_ \/ _` | \ \ \ \
 \\/  ___)| |_)| | | | | || (_| |  ) ) ) )
  '  |____| .__|_| |_|_| |_\__, | / / / /
 =========|_|==============|___/=/_/_/_/
 :: Spring Boot ::                (v3.2.4)

2026-04-07T14:14:43.504-05:00  INFO 35751 --- [           main] c.o.c.BidControllerIntegrationTest       : Starting BidControllerIntegrationTest using Java 25.0.1 with PID 35751 (started by rtaveira in /Users/rtaveira/git/rafataveira/ortbTest)
2026-04-07T14:14:43.505-05:00  INFO 35751 --- [           main] c.o.c.BidControllerIntegrationTest       : No active profile set, falling back to 1 default profile: "default"
2026-04-07T14:14:44.921-05:00  INFO 35751 --- [           main] o.s.b.t.m.w.SpringBootMockServletContext : Initializing Spring TestDispatcherServlet ''
2026-04-07T14:14:44.921-05:00  INFO 35751 --- [           main] o.s.t.web.servlet.TestDispatcherServlet  : Initializing Servlet ''
2026-04-07T14:14:44.921-05:00  INFO 35751 --- [           main] o.s.t.web.servlet.TestDispatcherServlet  : Completed initialization in 0 ms
2026-04-07T14:14:44.933-05:00  INFO 35751 --- [           main] c.o.c.BidControllerIntegrationTest       : Started BidControllerIntegrationTest in 1.577 seconds (process running for 2.107)
2026-04-07T14:14:44.935-05:00  INFO 35751 --- [           main] com.ortb.config.AdInventoryConfig        : Loaded 6 sample ads into inventory
]]></system-out>
    <system-err><![CDATA[WARNING: A Java agent has been loaded dynamically (/Users/rtaveira/.m2/repository/net/bytebuddy/byte-buddy-agent/1.14.12/byte-buddy-agent-1.14.12.jar)
WARNING: If a serviceability tool is in use, please run with -XX:+EnableDynamicAgentLoading to hide this warning
WARNING: If a serviceability tool is not in use, please run with -Djdk.instrument.traceUsage for more information
WARNING: Dynamic loading of agents will be disallowed by default in a future release
]]></system-err>
  </testcase>
  <testcase name="highFloorFiltersCheapAds" classname="com.ortb.controller.BidControllerIntegrationTest" time="0.14">
    <system-out><![CDATA[2026-04-07T14:14:45.153-05:00  INFO 35751 --- [           main] com.ortb.controller.BidController        : Received bid request id=test-req-floor
2026-04-07T14:14:45.153-05:00  INFO 35751 --- [           main] com.ortb.service.AuctionService          : Processing bid request id=test-req-floor impressions=1
2026-04-07T14:14:45.156-05:00  INFO 35751 --- [           main] com.ortb.service.AuctionService          : No-bid for request id=test-req-floor
]]></system-out>
  </testcase>
  <testcase name="localAdWinsOverDspBid" classname="com.ortb.controller.BidControllerIntegrationTest" time="0.01">
    <system-out><![CDATA[2026-04-07T14:14:45.199-05:00  INFO 35751 --- [           main] com.ortb.controller.BidController        : Received bid request id=test-local-wins
2026-04-07T14:14:45.199-05:00  INFO 35751 --- [           main] com.ortb.service.AuctionService          : Processing bid request id=test-local-wins impressions=1
2026-04-07T14:14:45.199-05:00  INFO 35751 --- [           main] com.ortb.service.AuctionService          : Auction winner for imp=imp1: adId=ad-001 source=local bidPrice=5.5 clearingPrice=5.5
]]></system-out>
  </testcase>
  <testcase name="secondPriceWithDspWinnerLocalRunnerUp" classname="com.ortb.controller.BidControllerIntegrationTest" time="0.004">
    <system-out><![CDATA[2026-04-07T14:14:45.210-05:00  INFO 35751 --- [           main] com.ortb.controller.BidController        : Received bid request id=test-sp-dsp-wins
2026-04-07T14:14:45.211-05:00  INFO 35751 --- [           main] com.ortb.service.AuctionService          : Processing bid request id=test-sp-dsp-wins impressions=1
2026-04-07T14:14:45.211-05:00  INFO 35751 --- [           main] com.ortb.service.AuctionService          : Auction winner for imp=imp1: adId=dsp-top source=seat-alpha bidPrice=10.0 clearingPrice=5.51
]]></system-out>
  </testcase>
  <testcase name="bidReturnsWinningBid" classname="com.ortb.controller.BidControllerIntegrationTest" time="0.015">
    <system-out><![CDATA[2026-04-07T14:14:45.224-05:00  INFO 35751 --- [           main] com.ortb.controller.BidController        : Received bid request id=test-req-001
2026-04-07T14:14:45.224-05:00  INFO 35751 --- [           main] com.ortb.service.AuctionService          : Processing bid request id=test-req-001 impressions=1
2026-04-07T14:14:45.224-05:00  INFO 35751 --- [           main] com.ortb.service.AuctionService          : Auction winner for imp=imp1: adId=ad-001 source=local bidPrice=5.5 clearingPrice=5.5
]]></system-out>
  </testcase>
  <testcase name="returns400ForMalformedJson" classname="com.ortb.controller.BidControllerIntegrationTest" time="0.004">
    <system-out><![CDATA[2026-04-07T14:14:45.231-05:00  WARN 35751 --- [           main] c.ortb.exception.GlobalExceptionHandler  : Malformed bid request JSON: JSON parse error: Unexpected character ('i' (code 105)): was expecting double-quote to start field name
]]></system-out>
  </testcase>
  <testcase name="secondPriceAuction" classname="com.ortb.controller.BidControllerIntegrationTest" time="0.004">
    <system-out><![CDATA[2026-04-07T14:14:45.235-05:00  INFO 35751 --- [           main] com.ortb.controller.BidController        : Received bid request id=test-req-sp
2026-04-07T14:14:45.235-05:00  INFO 35751 --- [           main] com.ortb.service.AuctionService          : Processing bid request id=test-req-sp impressions=1
2026-04-07T14:14:45.236-05:00  INFO 35751 --- [           main] com.ortb.service.AuctionService          : Auction winner for imp=imp1: adId=ad-001 source=local bidPrice=5.5 clearingPrice=4.21
]]></system-out>
  </testcase>
  <testcase name="secondPriceWithDspAsRunnerUp" classname="com.ortb.controller.BidControllerIntegrationTest" time="0.004">
    <system-out><![CDATA[2026-04-07T14:14:45.241-05:00  INFO 35751 --- [           main] com.ortb.controller.BidController        : Received bid request id=test-sp-dsp-runnerup
2026-04-07T14:14:45.242-05:00  INFO 35751 --- [           main] com.ortb.service.AuctionService          : Processing bid request id=test-sp-dsp-runnerup impressions=1
2026-04-07T14:14:45.242-05:00  INFO 35751 --- [           main] com.ortb.service.AuctionService          : Auction winner for imp=imp1: adId=ad-001 source=local bidPrice=5.5 clearingPrice=4.81
]]></system-out>
  </testcase>
  <testcase name="euAdWinsForEuRequest" classname="com.ortb.controller.BidControllerIntegrationTest" time="0.003">
    <system-out><![CDATA[2026-04-07T14:14:45.245-05:00  INFO 35751 --- [           main] com.ortb.controller.BidController        : Received bid request id=test-req-eu
2026-04-07T14:14:45.245-05:00  INFO 35751 --- [           main] com.ortb.service.AuctionService          : Processing bid request id=test-req-eu impressions=1
2026-04-07T14:14:45.246-05:00  INFO 35751 --- [           main] com.ortb.service.AuctionService          : Auction winner for imp=imp1: adId=ad-006 source=local bidPrice=6.0 clearingPrice=6.0
]]></system-out>
  </testcase>
  <testcase name="noBidForUnmatchedSize" classname="com.ortb.controller.BidControllerIntegrationTest" time="0.003">
    <system-out><![CDATA[2026-04-07T14:14:45.248-05:00  INFO 35751 --- [           main] com.ortb.controller.BidController        : Received bid request id=test-req-002
2026-04-07T14:14:45.249-05:00  INFO 35751 --- [           main] com.ortb.service.AuctionService          : Processing bid request id=test-req-002 impressions=1
2026-04-07T14:14:45.249-05:00  INFO 35751 --- [           main] com.ortb.service.AuctionService          : No-bid for request id=test-req-002
]]></system-out>
  </testcase>
  <testcase name="externalDspBidWinsOverLocalAds" classname="com.ortb.controller.BidControllerIntegrationTest" time="0.003">
    <system-out><![CDATA[2026-04-07T14:14:45.251-05:00  INFO 35751 --- [           main] com.ortb.controller.BidController        : Received bid request id=test-dsp-wins
2026-04-07T14:14:45.252-05:00  INFO 35751 --- [           main] com.ortb.service.AuctionService          : Processing bid request id=test-dsp-wins impressions=1
2026-04-07T14:14:45.252-05:00  INFO 35751 --- [           main] com.ortb.service.AuctionService          : Auction winner for imp=imp1: adId=dsp-ad-999 source=seat-alpha bidPrice=20.0 clearingPrice=20.0
]]></system-out>
  </testcase>
</testsuite>